<?xml version="1.0" encoding="UTF-8"?>
<!-- Generated by org.testng.reporters.JUnitReportReporter -->
<testsuite hostname="DESKTOP-8T6NK43" failures="0" tests="1" name="testCases.TC001_AccountRegistrationTest" time="4.478" errors="0" timestamp="2025-04-28T19:16:01 IST" skipped="0">
  <testcase classname="testCases.TC001_AccountRegistrationTest" name="test_account_Registration" time="4.478"/>
</testsuite> <!-- testCases.TC001_AccountRegistrationTest -->
